c:\users\machuangxin\desktop\curaengine_legacy_cuda\curaengine_legacy_cuda\debug\vc120.pdb
c:\users\machuangxin\desktop\curaengine_legacy_cuda\curaengine_legacy_cuda\debug\vc120.idb
c:\users\machuangxin\desktop\curaengine_legacy_cuda\curaengine_legacy_cuda\debug\inset.obj
c:\users\machuangxin\desktop\curaengine_legacy_cuda\curaengine_legacy_cuda\debug\layerpart.obj
c:\users\machuangxin\desktop\curaengine_legacy_cuda\curaengine_legacy_cuda\debug\clipper.obj
c:\users\machuangxin\desktop\curaengine_legacy_cuda\curaengine_legacy_cuda\debug\main.obj
c:\users\machuangxin\desktop\curaengine_legacy_cuda\curaengine_legacy_cuda\debug\modelfile.obj
c:\users\machuangxin\desktop\curaengine_legacy_cuda\curaengine_legacy_cuda\debug\multivolumes.obj
c:\users\machuangxin\desktop\curaengine_legacy_cuda\curaengine_legacy_cuda\debug\optimizedmodel.obj
c:\users\machuangxin\desktop\curaengine_legacy_cuda\curaengine_legacy_cuda\debug\pathorderoptimizer.obj
c:\users\machuangxin\desktop\curaengine_legacy_cuda\curaengine_legacy_cuda\debug\polygonoptimizer.obj
c:\users\machuangxin\desktop\curaengine_legacy_cuda\curaengine_legacy_cuda\debug\raft.obj
c:\users\machuangxin\desktop\curaengine_legacy_cuda\curaengine_legacy_cuda\debug\settings.obj
c:\users\machuangxin\desktop\curaengine_legacy_cuda\curaengine_legacy_cuda\debug\skin.obj
c:\users\machuangxin\desktop\curaengine_legacy_cuda\curaengine_legacy_cuda\debug\skirt.obj
c:\users\machuangxin\desktop\curaengine_legacy_cuda\curaengine_legacy_cuda\debug\slicer.obj
c:\users\machuangxin\desktop\curaengine_legacy_cuda\curaengine_legacy_cuda\debug\stdafx.obj
c:\users\machuangxin\desktop\curaengine_legacy_cuda\curaengine_legacy_cuda\debug\support.obj
c:\users\machuangxin\desktop\curaengine_legacy_cuda\curaengine_legacy_cuda\debug\timeestimate.obj
c:\users\machuangxin\desktop\curaengine_legacy_cuda\curaengine_legacy_cuda\debug\gettime.obj
c:\users\machuangxin\desktop\curaengine_legacy_cuda\curaengine_legacy_cuda\debug\logoutput.obj
c:\users\machuangxin\desktop\curaengine_legacy_cuda\curaengine_legacy_cuda\debug\socket.obj
c:\users\machuangxin\desktop\curaengine_legacy_cuda\curaengine_legacy_cuda\debug\bridge.obj
c:\users\machuangxin\desktop\curaengine_legacy_cuda\curaengine_legacy_cuda\debug\comb.obj
c:\users\machuangxin\desktop\curaengine_legacy_cuda\curaengine_legacy_cuda\debug\curaengine_legacy_cuda.obj
c:\users\machuangxin\desktop\curaengine_legacy_cuda\curaengine_legacy_cuda\debug\fffprocessor.obj
c:\users\machuangxin\desktop\curaengine_legacy_cuda\curaengine_legacy_cuda\debug\gcodeexport.obj
c:\users\machuangxin\desktop\curaengine_legacy_cuda\curaengine_legacy_cuda\debug\infill.obj
c:\users\machuangxin\desktop\curaengine_legacy_cuda\debug\curaengine_legacy_cuda.pdb
c:\users\machuangxin\desktop\curaengine_legacy_cuda\curaengine_legacy_cuda\debug\curaengi.4961245e.tlog\cl.command.1.tlog
c:\users\machuangxin\desktop\curaengine_legacy_cuda\curaengine_legacy_cuda\debug\curaengi.4961245e.tlog\cl.read.1.tlog
c:\users\machuangxin\desktop\curaengine_legacy_cuda\curaengine_legacy_cuda\debug\curaengi.4961245e.tlog\cl.write.1.tlog
c:\users\machuangxin\desktop\curaengine_legacy_cuda\curaengine_legacy_cuda\debug\curaengi.4961245e.tlog\link-cvtres.read.1.tlog
c:\users\machuangxin\desktop\curaengine_legacy_cuda\curaengine_legacy_cuda\debug\curaengi.4961245e.tlog\link-cvtres.write.1.tlog
c:\users\machuangxin\desktop\curaengine_legacy_cuda\curaengine_legacy_cuda\debug\curaengi.4961245e.tlog\link-rc.read.1.tlog
c:\users\machuangxin\desktop\curaengine_legacy_cuda\curaengine_legacy_cuda\debug\curaengi.4961245e.tlog\link-rc.write.1.tlog
c:\users\machuangxin\desktop\curaengine_legacy_cuda\curaengine_legacy_cuda\debug\curaengi.4961245e.tlog\link.command.1.tlog
c:\users\machuangxin\desktop\curaengine_legacy_cuda\curaengine_legacy_cuda\debug\curaengi.4961245e.tlog\link.read.1.tlog
c:\users\machuangxin\desktop\curaengine_legacy_cuda\curaengine_legacy_cuda\debug\curaengi.4961245e.tlog\link.write.1.tlog
