c:\users\machuangxin\onedrive\文档\curaengine_legacy_cuda - 副本\curaengine_legacy_cuda\x64\release\vc141.pdb
c:\users\machuangxin\onedrive\文档\curaengine_legacy_cuda - 副本\curaengine_legacy_cuda\x64\release\slicer.obj
c:\users\machuangxin\onedrive\文档\curaengine_legacy_cuda - 副本\curaengine_legacy_cuda\x64\release\skirt.obj
c:\users\machuangxin\onedrive\文档\curaengine_legacy_cuda - 副本\curaengine_legacy_cuda\x64\release\skin.obj
c:\users\machuangxin\onedrive\文档\curaengine_legacy_cuda - 副本\curaengine_legacy_cuda\x64\release\settings.obj
c:\users\machuangxin\onedrive\文档\curaengine_legacy_cuda - 副本\curaengine_legacy_cuda\x64\release\raft.obj
c:\users\machuangxin\onedrive\文档\curaengine_legacy_cuda - 副本\curaengine_legacy_cuda\x64\release\polygonoptimizer.obj
c:\users\machuangxin\onedrive\文档\curaengine_legacy_cuda - 副本\curaengine_legacy_cuda\x64\release\pathorderoptimizer.obj
c:\users\machuangxin\onedrive\文档\curaengine_legacy_cuda - 副本\curaengine_legacy_cuda\x64\release\optimizedmodel.obj
c:\users\machuangxin\onedrive\文档\curaengine_legacy_cuda - 副本\curaengine_legacy_cuda\x64\release\multivolumes.obj
c:\users\machuangxin\onedrive\文档\curaengine_legacy_cuda - 副本\curaengine_legacy_cuda\x64\release\modelfile.obj
c:\users\machuangxin\onedrive\文档\curaengine_legacy_cuda - 副本\curaengine_legacy_cuda\x64\release\clipper.obj
c:\users\machuangxin\onedrive\文档\curaengine_legacy_cuda - 副本\curaengine_legacy_cuda\x64\release\layerpart.obj
c:\users\machuangxin\onedrive\文档\curaengine_legacy_cuda - 副本\curaengine_legacy_cuda\x64\release\inset.obj
c:\users\machuangxin\onedrive\文档\curaengine_legacy_cuda - 副本\curaengine_legacy_cuda\x64\release\infill.obj
c:\users\machuangxin\onedrive\文档\curaengine_legacy_cuda - 副本\curaengine_legacy_cuda\x64\release\gcodeexport.obj
c:\users\machuangxin\onedrive\文档\curaengine_legacy_cuda - 副本\curaengine_legacy_cuda\x64\release\fffprocessor.obj
c:\users\machuangxin\onedrive\文档\curaengine_legacy_cuda - 副本\curaengine_legacy_cuda\x64\release\curaengine_legacy_cuda.obj
c:\users\machuangxin\onedrive\文档\curaengine_legacy_cuda - 副本\curaengine_legacy_cuda\x64\release\cudainfill.obj
c:\users\machuangxin\onedrive\文档\curaengine_legacy_cuda - 副本\curaengine_legacy_cuda\x64\release\comb.obj
c:\users\machuangxin\onedrive\文档\curaengine_legacy_cuda - 副本\curaengine_legacy_cuda\x64\release\bridge.obj
c:\users\machuangxin\onedrive\文档\curaengine_legacy_cuda - 副本\curaengine_legacy_cuda\x64\release\socket.obj
c:\users\machuangxin\onedrive\文档\curaengine_legacy_cuda - 副本\curaengine_legacy_cuda\x64\release\logoutput.obj
c:\users\machuangxin\onedrive\文档\curaengine_legacy_cuda - 副本\curaengine_legacy_cuda\x64\release\gettime.obj
c:\users\machuangxin\onedrive\文档\curaengine_legacy_cuda - 副本\curaengine_legacy_cuda\x64\release\timeestimate.obj
c:\users\machuangxin\onedrive\文档\curaengine_legacy_cuda - 副本\curaengine_legacy_cuda\x64\release\support.obj
c:\users\machuangxin\onedrive\文档\curaengine_legacy_cuda - 副本\curaengine_legacy_cuda\x64\release\stdafx.obj
c:\users\machuangxin\onedrive\文档\curaengine_legacy_cuda - 副本\x64\release\curaengine_legacy_cuda.lib
c:\users\machuangxin\onedrive\文档\curaengine_legacy_cuda - 副本\x64\release\curaengine_legacy_cuda.exp
c:\users\machuangxin\onedrive\文档\curaengine_legacy_cuda - 副本\x64\release\curaengine_legacy_cuda.ipdb
c:\users\machuangxin\onedrive\文档\curaengine_legacy_cuda - 副本\x64\release\curaengine_legacy_cuda.iobj
c:\users\machuangxin\onedrive\文档\curaengine_legacy_cuda - 副本\x64\release\curaengine_legacy_cuda.exe
c:\users\machuangxin\onedrive\文档\curaengine_legacy_cuda - 副本\x64\release\curaengine_legacy_cuda.pdb
c:\users\machuangxin\onedrive\文档\curaengine_legacy_cuda - 副本\curaengine_legacy_cuda\x64\release\cudaconcentricinfillbypixel.cu.cache
c:\users\machuangxin\onedrive\文档\curaengine_legacy_cuda - 副本\curaengine_legacy_cuda\x64\release\cudagridinfill.cu.cache
c:\users\machuangxin\onedrive\文档\curaengine_legacy_cuda - 副本\curaengine_legacy_cuda\x64\release\cudagridinfillbypixel.cu.cache
c:\users\machuangxin\onedrive\文档\curaengine_legacy_cuda - 副本\curaengine_legacy_cuda\x64\release\cudalineinfill.cu.cache
c:\users\machuangxin\onedrive\文档\curaengine_legacy_cuda - 副本\curaengine_legacy_cuda\x64\release\cudaconcentricinfillbypixel.cu.obj
c:\users\machuangxin\onedrive\文档\curaengine_legacy_cuda - 副本\curaengine_legacy_cuda\x64\release\cudagridinfill.cu.obj
c:\users\machuangxin\onedrive\文档\curaengine_legacy_cuda - 副本\curaengine_legacy_cuda\x64\release\cudagridinfillbypixel.cu.obj
c:\users\machuangxin\onedrive\文档\curaengine_legacy_cuda - 副本\curaengine_legacy_cuda\x64\release\cudalineinfill.cu.obj
c:\users\machuangxin\onedrive\文档\curaengine_legacy_cuda - 副本\curaengine_legacy_cuda\x64\release\curaengine_legacy_cuda.device-link.obj
c:\users\machuangxin\onedrive\文档\curaengine_legacy_cuda - 副本\curaengine_legacy_cuda\x64\release\curaengi.4961245e.tlog\cl.command.1.tlog
c:\users\machuangxin\onedrive\文档\curaengine_legacy_cuda - 副本\curaengine_legacy_cuda\x64\release\curaengi.4961245e.tlog\cl.read.1.tlog
c:\users\machuangxin\onedrive\文档\curaengine_legacy_cuda - 副本\curaengine_legacy_cuda\x64\release\curaengi.4961245e.tlog\cl.write.1.tlog
c:\users\machuangxin\onedrive\文档\curaengine_legacy_cuda - 副本\curaengine_legacy_cuda\x64\release\curaengi.4961245e.tlog\curaengine_legacy_cuda.write.1u.tlog
c:\users\machuangxin\onedrive\文档\curaengine_legacy_cuda - 副本\curaengine_legacy_cuda\x64\release\curaengi.4961245e.tlog\link.command.1.tlog
c:\users\machuangxin\onedrive\文档\curaengine_legacy_cuda - 副本\curaengine_legacy_cuda\x64\release\curaengi.4961245e.tlog\link.read.1.tlog
c:\users\machuangxin\onedrive\文档\curaengine_legacy_cuda - 副本\curaengine_legacy_cuda\x64\release\curaengi.4961245e.tlog\link.write.1.tlog
